<?xml version="1.0" encoding="UTF-8"?>
<TestRun id="af766243-58a5-4ce0-b9da-29ae09c3474b" name="Jonas Follesø@WIN7IMACVHD 2010-04-09 22:34:56" runUser="Win7iMacVHD\Jonas Follesø" xmlns="http://microsoft.com/schemas/VisualStudio/TeamTest/2010">
  <TestSettings name="Local" id="54ecef25-06ea-4ac9-aedf-b4d06acd069c">
    <Description>These are default test settings for a local test run.</Description>
    <Deployment userDeploymentRoot="C:\source\HyperComments\TestResults" useDefaultDeploymentRoot="false" enabled="false" runDeploymentRoot="Jonas Follesø_WIN7IMACVHD 2010-04-09 22_34_56">
      <DeploymentItem filename="C:\source\HyperComments\HyperComments\bin\Debug\HyperComments.dll" />
      <DeploymentItem filename="C:\source\HyperComments\lib\Moq\Moq.dll" />
    </Deployment>
    <Execution>
      <TestTypeSpecific />
      <AgentRule name="Execution Agents">
      </AgentRule>
    </Execution>
  </TestSettings>
  <Times creation="2010-04-09T22:34:56.0178351+02:00" queuing="2010-04-09T22:34:56.0278357+02:00" start="2010-04-09T22:34:56.0548373+02:00" finish="2010-04-09T22:34:56.4388592+02:00" />
  <ResultSummary outcome="Completed">
    <Counters total="1" executed="1" passed="1" error="0" failed="0" timeout="0" aborted="0" inconclusive="0" passedButRunAborted="0" notRunnable="0" notExecuted="0" disconnected="0" warning="0" completed="0" inProgress="0" pending="0" />
  </ResultSummary>
  <TestDefinitions>
    <UnitTest name="Creates_no_tags_if_no_spans_to_check" storage="c:\source\hypercomments\hypercomments.tests\bin\debug\hypercomments.tests.dll" id="8d4663f6-37bd-eec4-0bfa-ba9005ac4f4e">
      <Execution id="d0f6559d-73a5-4643-8f0d-d0168f548d54" />
      <TestMethod codeBase="C:/source/HyperComments/HyperComments.Tests/bin/Debug/HyperComments.Tests.DLL" adapterTypeName="Microsoft.VisualStudio.TestTools.TestTypes.Unit.UnitTestAdapter, Microsoft.VisualStudio.QualityTools.Tips.UnitTest.Adapter, Version=10.0.0.0, Culture=neutral, PublicKeyToken=b03f5f7f11d50a3a" className="HyperComments.Tests.RegexTaggerTest, HyperComments.Tests, Version=1.0.0.0, Culture=neutral, PublicKeyToken=null" name="Creates_no_tags_if_no_spans_to_check" />
    </UnitTest>
  </TestDefinitions>
  <TestLists>
    <TestList name="Results Not in a List" id="8c84fa94-04c1-424b-9868-57a2d4851a1d" />
    <TestList name="All Loaded Results" id="19431567-8539-422a-85d7-44ee4e166bda" />
  </TestLists>
  <TestEntries>
    <TestEntry testId="8d4663f6-37bd-eec4-0bfa-ba9005ac4f4e" executionId="d0f6559d-73a5-4643-8f0d-d0168f548d54" testListId="8c84fa94-04c1-424b-9868-57a2d4851a1d" />
  </TestEntries>
  <Results>
    <UnitTestResult executionId="d0f6559d-73a5-4643-8f0d-d0168f548d54" testId="8d4663f6-37bd-eec4-0bfa-ba9005ac4f4e" testName="Creates_no_tags_if_no_spans_to_check" computerName="WIN7IMACVHD" duration="00:00:00.1423411" startTime="2010-04-09T22:34:56.0568374+02:00" endTime="2010-04-09T22:34:56.4268585+02:00" testType="13cdc9d9-ddb5-4fa4-a97d-d965ccfc6d4b" outcome="Passed" testListId="8c84fa94-04c1-424b-9868-57a2d4851a1d" relativeResultsDirectory="d0f6559d-73a5-4643-8f0d-d0168f548d54">
    </UnitTestResult>
  </Results>
</TestRun>