<?xml version="1.0" encoding="UTF-8"?>
<TestRun id="7597382f-4ad2-4ee3-8659-b0099c130bd7" name="Jonas Follesø@WIN7IMACVHD 2010-04-09 23:37:37" runUser="Win7iMacVHD\Jonas Follesø" xmlns="http://microsoft.com/schemas/VisualStudio/TeamTest/2010">
  <TestSettings name="Local" id="54ecef25-06ea-4ac9-aedf-b4d06acd069c">
    <Description>These are default test settings for a local test run.</Description>
    <Deployment enabled="false" runDeploymentRoot="Jonas Follesø_WIN7IMACVHD 2010-04-09 23_37_37" />
    <Execution>
      <TestTypeSpecific />
      <AgentRule name="Execution Agents">
      </AgentRule>
    </Execution>
  </TestSettings>
  <Times creation="2010-04-09T23:37:37.7629947+02:00" queuing="2010-04-09T23:37:40.0001226+02:00" start="2010-04-09T23:37:40.0051229+02:00" finish="2010-04-09T23:37:40.5151521+02:00" />
  <ResultSummary outcome="Completed">
    <Counters total="2" executed="2" passed="2" error="0" failed="0" timeout="0" aborted="0" inconclusive="0" passedButRunAborted="0" notRunnable="0" notExecuted="0" disconnected="0" warning="0" completed="0" inProgress="0" pending="0" />
  </ResultSummary>
  <TestDefinitions>
    <UnitTest name="Creates_tag_if_matching_text_is_found" storage="c:\source\hypercomments\hypercomments.tests\bin\debug\hypercomments.tests.dll" id="8f3f3d95-cb92-bb93-c941-e4e3dad72c1c">
      <Execution id="447cc2e0-5f30-494e-b891-9b414d4c6fb7" />
      <TestMethod codeBase="C:/source/HyperComments/HyperComments.Tests/bin/Debug/HyperComments.Tests.DLL" adapterTypeName="Microsoft.VisualStudio.TestTools.TestTypes.Unit.UnitTestAdapter, Microsoft.VisualStudio.QualityTools.Tips.UnitTest.Adapter, Version=10.0.0.0, Culture=neutral, PublicKeyToken=b03f5f7f11d50a3a" className="HyperComments.Tests.RegexTaggerTest, HyperComments.Tests, Version=1.0.0.0, Culture=neutral, PublicKeyToken=null" name="Creates_tag_if_matching_text_is_found" />
    </UnitTest>
    <UnitTest name="Creates_no_tags_if_no_spans_to_check" storage="c:\source\hypercomments\hypercomments.tests\bin\debug\hypercomments.tests.dll" id="8d4663f6-37bd-eec4-0bfa-ba9005ac4f4e">
      <Execution id="380d33dd-7a4f-4ba5-9438-e63b209559cb" />
      <TestMethod codeBase="C:/source/HyperComments/HyperComments.Tests/bin/Debug/HyperComments.Tests.DLL" adapterTypeName="Microsoft.VisualStudio.TestTools.TestTypes.Unit.UnitTestAdapter, Microsoft.VisualStudio.QualityTools.Tips.UnitTest.Adapter, Version=10.0.0.0, Culture=neutral, PublicKeyToken=b03f5f7f11d50a3a" className="HyperComments.Tests.RegexTaggerTest, HyperComments.Tests, Version=1.0.0.0, Culture=neutral, PublicKeyToken=null" name="Creates_no_tags_if_no_spans_to_check" />
    </UnitTest>
  </TestDefinitions>
  <TestLists>
    <TestList name="Results Not in a List" id="8c84fa94-04c1-424b-9868-57a2d4851a1d" />
    <TestList name="All Loaded Results" id="19431567-8539-422a-85d7-44ee4e166bda" />
  </TestLists>
  <TestEntries>
    <TestEntry testId="8d4663f6-37bd-eec4-0bfa-ba9005ac4f4e" executionId="380d33dd-7a4f-4ba5-9438-e63b209559cb" testListId="8c84fa94-04c1-424b-9868-57a2d4851a1d" />
    <TestEntry testId="8f3f3d95-cb92-bb93-c941-e4e3dad72c1c" executionId="447cc2e0-5f30-494e-b891-9b414d4c6fb7" testListId="8c84fa94-04c1-424b-9868-57a2d4851a1d" />
  </TestEntries>
  <Results>
    <UnitTestResult executionId="380d33dd-7a4f-4ba5-9438-e63b209559cb" testId="8d4663f6-37bd-eec4-0bfa-ba9005ac4f4e" testName="Creates_no_tags_if_no_spans_to_check" computerName="WIN7IMACVHD" duration="00:00:00.1724571" startTime="2010-04-09T23:37:40.0061230+02:00" endTime="2010-04-09T23:37:40.4101461+02:00" testType="13cdc9d9-ddb5-4fa4-a97d-d965ccfc6d4b" outcome="Passed" testListId="8c84fa94-04c1-424b-9868-57a2d4851a1d" relativeResultsDirectory="380d33dd-7a4f-4ba5-9438-e63b209559cb">
    </UnitTestResult>
    <UnitTestResult executionId="447cc2e0-5f30-494e-b891-9b414d4c6fb7" testId="8f3f3d95-cb92-bb93-c941-e4e3dad72c1c" testName="Creates_tag_if_matching_text_is_found" computerName="WIN7IMACVHD" duration="00:00:00.0877053" startTime="2010-04-09T23:37:40.4111461+02:00" endTime="2010-04-09T23:37:40.5031514+02:00" testType="13cdc9d9-ddb5-4fa4-a97d-d965ccfc6d4b" outcome="Passed" testListId="8c84fa94-04c1-424b-9868-57a2d4851a1d" relativeResultsDirectory="447cc2e0-5f30-494e-b891-9b414d4c6fb7">
    </UnitTestResult>
  </Results>
</TestRun>