<?xml version="1.0" encoding="UTF-8"?>
<TestRun id="af334f55-ce67-4278-b625-9ea08771dee3" name="Jonas Follesø@WIN7IMACVHD 2010-04-09 22:55:41" runUser="Win7iMacVHD\Jonas Follesø" xmlns="http://microsoft.com/schemas/VisualStudio/TeamTest/2010">
  <TestSettings name="Local" id="54ecef25-06ea-4ac9-aedf-b4d06acd069c">
    <Description>These are default test settings for a local test run.</Description>
    <Deployment userDeploymentRoot="C:\source\HyperComments\TestResults" useDefaultDeploymentRoot="false" enabled="false" runDeploymentRoot="Jonas Follesø_WIN7IMACVHD 2010-04-09 22_55_41">
      <DeploymentItem filename="C:\source\HyperComments\HyperComments\bin\Debug\HyperComments.dll" />
      <DeploymentItem filename="C:\source\HyperComments\lib\Moq\Moq.dll" />
    </Deployment>
    <Execution>
      <TestTypeSpecific />
      <AgentRule name="Execution Agents">
      </AgentRule>
    </Execution>
  </TestSettings>
  <Times creation="2010-04-09T22:55:41.9090960+02:00" queuing="2010-04-09T22:55:41.9130963+02:00" start="2010-04-09T22:55:41.9190966+02:00" finish="2010-04-09T22:55:42.4881292+02:00" />
  <ResultSummary outcome="Failed">
    <Counters total="1" executed="1" error="0" failed="1" timeout="0" aborted="0" inconclusive="0" passedButRunAborted="0" notRunnable="0" notExecuted="0" disconnected="0" warning="0" passed="0" completed="0" inProgress="0" pending="0" />
  </ResultSummary>
  <TestDefinitions>
    <UnitTest name="Creates_tag_if_matching_text_is_found" storage="c:\source\hypercomments\hypercomments.tests\bin\debug\hypercomments.tests.dll" id="8f3f3d95-cb92-bb93-c941-e4e3dad72c1c">
      <Execution id="b6ac985b-fa4c-4983-928b-32d050eca5fe" />
      <TestMethod codeBase="C:/source/HyperComments/HyperComments.Tests/bin/Debug/HyperComments.Tests.DLL" adapterTypeName="Microsoft.VisualStudio.TestTools.TestTypes.Unit.UnitTestAdapter, Microsoft.VisualStudio.QualityTools.Tips.UnitTest.Adapter, Version=10.0.0.0, Culture=neutral, PublicKeyToken=b03f5f7f11d50a3a" className="HyperComments.Tests.RegexTaggerTest, HyperComments.Tests, Version=1.0.0.0, Culture=neutral, PublicKeyToken=null" name="Creates_tag_if_matching_text_is_found" />
    </UnitTest>
  </TestDefinitions>
  <TestLists>
    <TestList name="Results Not in a List" id="8c84fa94-04c1-424b-9868-57a2d4851a1d" />
    <TestList name="All Loaded Results" id="19431567-8539-422a-85d7-44ee4e166bda" />
  </TestLists>
  <TestEntries>
    <TestEntry testId="8f3f3d95-cb92-bb93-c941-e4e3dad72c1c" executionId="b6ac985b-fa4c-4983-928b-32d050eca5fe" testListId="8c84fa94-04c1-424b-9868-57a2d4851a1d" />
  </TestEntries>
  <Results>
    <UnitTestResult executionId="b6ac985b-fa4c-4983-928b-32d050eca5fe" testId="8f3f3d95-cb92-bb93-c941-e4e3dad72c1c" testName="Creates_tag_if_matching_text_is_found" computerName="WIN7IMACVHD" duration="00:00:00.2190954" startTime="2010-04-09T22:55:41.9200967+02:00" endTime="2010-04-09T22:55:42.3561216+02:00" testType="13cdc9d9-ddb5-4fa4-a97d-d965ccfc6d4b" outcome="Failed" testListId="8c84fa94-04c1-424b-9868-57a2d4851a1d" relativeResultsDirectory="b6ac985b-fa4c-4983-928b-32d050eca5fe">
      <Output>
        <ErrorInfo>
          <Message>Assert.AreEqual failed. Expected:&lt;1&gt;. Actual:&lt;0&gt;. Expect one tag to be created.</Message>
          <StackTrace>   at HyperComments.Tests.RegexTaggerTest.Creates_tag_if_matching_text_is_found() in C:\source\HyperComments\HyperComments.Tests\RegexTaggerTest.cs:line 31
</StackTrace>
        </ErrorInfo>
      </Output>
    </UnitTestResult>
  </Results>
</TestRun>