<?xml version="1.0" encoding="UTF-8"?>
<TestRun id="4a08c0ee-2f6b-43be-ade3-e819ae27c819" name="Jonas Follesø@WIN7IMACVHD 2010-04-09 22:42:00" runUser="Win7iMacVHD\Jonas Follesø" xmlns="http://microsoft.com/schemas/VisualStudio/TeamTest/2010">
  <TestSettings name="Local" id="54ecef25-06ea-4ac9-aedf-b4d06acd069c">
    <Description>These are default test settings for a local test run.</Description>
    <Deployment enabled="false" runDeploymentRoot="Jonas Follesø_WIN7IMACVHD 2010-04-09 22_42_00" />
    <Execution>
      <TestTypeSpecific />
      <AgentRule name="Execution Agents">
      </AgentRule>
    </Execution>
  </TestSettings>
  <Times creation="2010-04-09T22:42:00.9611405+02:00" queuing="2010-04-09T22:42:00.9831418+02:00" start="2010-04-09T22:42:00.9881420+02:00" finish="2010-04-09T22:42:01.4771700+02:00" />
  <ResultSummary outcome="Failed">
    <Counters total="2" executed="2" passed="1" error="0" failed="1" timeout="0" aborted="0" inconclusive="0" passedButRunAborted="0" notRunnable="0" notExecuted="0" disconnected="0" warning="0" completed="0" inProgress="0" pending="0" />
  </ResultSummary>
  <TestDefinitions>
    <UnitTest name="Creates_tag_if_matching_text_is_found" storage="c:\source\hypercomments\hypercomments.tests\bin\debug\hypercomments.tests.dll" id="8f3f3d95-cb92-bb93-c941-e4e3dad72c1c">
      <Execution id="468065f4-284d-4943-8a39-ef307255c7ad" />
      <TestMethod codeBase="C:/source/HyperComments/HyperComments.Tests/bin/Debug/HyperComments.Tests.DLL" adapterTypeName="Microsoft.VisualStudio.TestTools.TestTypes.Unit.UnitTestAdapter, Microsoft.VisualStudio.QualityTools.Tips.UnitTest.Adapter, Version=10.0.0.0, Culture=neutral, PublicKeyToken=b03f5f7f11d50a3a" className="HyperComments.Tests.RegexTaggerTest, HyperComments.Tests, Version=1.0.0.0, Culture=neutral, PublicKeyToken=null" name="Creates_tag_if_matching_text_is_found" />
    </UnitTest>
    <UnitTest name="Creates_no_tags_if_no_spans_to_check" storage="c:\source\hypercomments\hypercomments.tests\bin\debug\hypercomments.tests.dll" id="8d4663f6-37bd-eec4-0bfa-ba9005ac4f4e">
      <Execution id="780054d5-6b95-4561-93ca-e75d2a713beb" />
      <TestMethod codeBase="C:/source/HyperComments/HyperComments.Tests/bin/Debug/HyperComments.Tests.DLL" adapterTypeName="Microsoft.VisualStudio.TestTools.TestTypes.Unit.UnitTestAdapter, Microsoft.VisualStudio.QualityTools.Tips.UnitTest.Adapter, Version=10.0.0.0, Culture=neutral, PublicKeyToken=b03f5f7f11d50a3a" className="HyperComments.Tests.RegexTaggerTest, HyperComments.Tests, Version=1.0.0.0, Culture=neutral, PublicKeyToken=null" name="Creates_no_tags_if_no_spans_to_check" />
    </UnitTest>
  </TestDefinitions>
  <TestLists>
    <TestList name="Results Not in a List" id="8c84fa94-04c1-424b-9868-57a2d4851a1d" />
    <TestList name="All Loaded Results" id="19431567-8539-422a-85d7-44ee4e166bda" />
  </TestLists>
  <TestEntries>
    <TestEntry testId="8d4663f6-37bd-eec4-0bfa-ba9005ac4f4e" executionId="780054d5-6b95-4561-93ca-e75d2a713beb" testListId="8c84fa94-04c1-424b-9868-57a2d4851a1d" />
    <TestEntry testId="8f3f3d95-cb92-bb93-c941-e4e3dad72c1c" executionId="468065f4-284d-4943-8a39-ef307255c7ad" testListId="8c84fa94-04c1-424b-9868-57a2d4851a1d" />
  </TestEntries>
  <Results>
    <UnitTestResult executionId="780054d5-6b95-4561-93ca-e75d2a713beb" testId="8d4663f6-37bd-eec4-0bfa-ba9005ac4f4e" testName="Creates_no_tags_if_no_spans_to_check" computerName="WIN7IMACVHD" duration="00:00:00.1613371" startTime="2010-04-09T22:42:00.9901422+02:00" endTime="2010-04-09T22:42:01.3911651+02:00" testType="13cdc9d9-ddb5-4fa4-a97d-d965ccfc6d4b" outcome="Passed" testListId="8c84fa94-04c1-424b-9868-57a2d4851a1d" relativeResultsDirectory="780054d5-6b95-4561-93ca-e75d2a713beb">
    </UnitTestResult>
    <UnitTestResult executionId="468065f4-284d-4943-8a39-ef307255c7ad" testId="8f3f3d95-cb92-bb93-c941-e4e3dad72c1c" testName="Creates_tag_if_matching_text_is_found" computerName="WIN7IMACVHD" duration="00:00:00.0650303" startTime="2010-04-09T22:42:01.3921652+02:00" endTime="2010-04-09T22:42:01.4631692+02:00" testType="13cdc9d9-ddb5-4fa4-a97d-d965ccfc6d4b" outcome="Failed" testListId="8c84fa94-04c1-424b-9868-57a2d4851a1d" relativeResultsDirectory="468065f4-284d-4943-8a39-ef307255c7ad">
      <Output>
        <ErrorInfo>
          <Message>Test method HyperComments.Tests.RegexTaggerTest.Creates_tag_if_matching_text_is_found threw exception: 
System.ArgumentOutOfRangeException: Specified argument was out of the range of valid values.
Parameter name: span</Message>
          <StackTrace>    at Microsoft.VisualStudio.Text.SnapshotSpan..ctor(ITextSnapshot snapshot, Span span)
   at Microsoft.VisualStudio.Text.SnapshotSpan..ctor(ITextSnapshot snapshot, Int32 start, Int32 length)
   at HyperComments.Tests.RegexTaggerTest.we_got_one_span_matching_search_expression() in C:\source\HyperComments\HyperComments.Tests\RegexTaggerTest.cs:line 43
   at HyperComments.Tests.RegexTaggerTest.Creates_tag_if_matching_text_is_found() in C:\source\HyperComments\HyperComments.Tests\RegexTaggerTest.cs:line 28
</StackTrace>
        </ErrorInfo>
      </Output>
    </UnitTestResult>
  </Results>
</TestRun>