<?xml version="1.0" encoding="UTF-8"?>
<TestRun id="c0c34911-cefa-4e82-b6c0-074cdad8cf3b" name="Jonas Follesø@WIN7IMACVHD 2010-04-09 23:10:13" runUser="Win7iMacVHD\Jonas Follesø" xmlns="http://microsoft.com/schemas/VisualStudio/TeamTest/2010">
  <TestSettings name="Local" id="54ecef25-06ea-4ac9-aedf-b4d06acd069c">
    <Description>These are default test settings for a local test run.</Description>
    <Deployment enabled="false" runDeploymentRoot="Jonas Follesø_WIN7IMACVHD 2010-04-09 23_10_13" />
    <Execution>
      <TestTypeSpecific />
      <AgentRule name="Execution Agents">
      </AgentRule>
    </Execution>
  </TestSettings>
  <Times creation="2010-04-09T23:10:13.3649405+02:00" queuing="2010-04-09T23:10:13.5089487+02:00" start="2010-04-09T23:10:13.5419506+02:00" finish="2010-04-09T23:10:14.1839873+02:00" />
  <ResultSummary outcome="Failed">
    <Counters total="2" executed="2" passed="1" error="0" failed="1" timeout="0" aborted="0" inconclusive="0" passedButRunAborted="0" notRunnable="0" notExecuted="0" disconnected="0" warning="0" completed="0" inProgress="0" pending="0" />
  </ResultSummary>
  <TestDefinitions>
    <UnitTest name="Creates_tag_if_matching_text_is_found" storage="c:\source\hypercomments\hypercomments.tests\bin\debug\hypercomments.tests.dll" id="8f3f3d95-cb92-bb93-c941-e4e3dad72c1c">
      <Execution id="2c4ef9e2-d87e-4fcd-803d-7d4af18bf4b8" />
      <TestMethod codeBase="C:/source/HyperComments/HyperComments.Tests/bin/Debug/HyperComments.Tests.DLL" adapterTypeName="Microsoft.VisualStudio.TestTools.TestTypes.Unit.UnitTestAdapter, Microsoft.VisualStudio.QualityTools.Tips.UnitTest.Adapter, Version=10.0.0.0, Culture=neutral, PublicKeyToken=b03f5f7f11d50a3a" className="HyperComments.Tests.RegexTaggerTest, HyperComments.Tests, Version=1.0.0.0, Culture=neutral, PublicKeyToken=null" name="Creates_tag_if_matching_text_is_found" />
    </UnitTest>
    <UnitTest name="Creates_no_tags_if_no_spans_to_check" storage="c:\source\hypercomments\hypercomments.tests\bin\debug\hypercomments.tests.dll" id="8d4663f6-37bd-eec4-0bfa-ba9005ac4f4e">
      <Execution id="99c27a12-9c48-4cf1-9e07-6d8ffc169c9b" />
      <TestMethod codeBase="C:/source/HyperComments/HyperComments.Tests/bin/Debug/HyperComments.Tests.DLL" adapterTypeName="Microsoft.VisualStudio.TestTools.TestTypes.Unit.UnitTestAdapter, Microsoft.VisualStudio.QualityTools.Tips.UnitTest.Adapter, Version=10.0.0.0, Culture=neutral, PublicKeyToken=b03f5f7f11d50a3a" className="HyperComments.Tests.RegexTaggerTest, HyperComments.Tests, Version=1.0.0.0, Culture=neutral, PublicKeyToken=null" name="Creates_no_tags_if_no_spans_to_check" />
    </UnitTest>
  </TestDefinitions>
  <TestLists>
    <TestList name="Results Not in a List" id="8c84fa94-04c1-424b-9868-57a2d4851a1d" />
    <TestList name="All Loaded Results" id="19431567-8539-422a-85d7-44ee4e166bda" />
  </TestLists>
  <TestEntries>
    <TestEntry testId="8d4663f6-37bd-eec4-0bfa-ba9005ac4f4e" executionId="99c27a12-9c48-4cf1-9e07-6d8ffc169c9b" testListId="8c84fa94-04c1-424b-9868-57a2d4851a1d" />
    <TestEntry testId="8f3f3d95-cb92-bb93-c941-e4e3dad72c1c" executionId="2c4ef9e2-d87e-4fcd-803d-7d4af18bf4b8" testListId="8c84fa94-04c1-424b-9868-57a2d4851a1d" />
  </TestEntries>
  <Results>
    <UnitTestResult executionId="99c27a12-9c48-4cf1-9e07-6d8ffc169c9b" testId="8d4663f6-37bd-eec4-0bfa-ba9005ac4f4e" testName="Creates_no_tags_if_no_spans_to_check" computerName="WIN7IMACVHD" duration="00:00:00.1795345" startTime="2010-04-09T23:10:13.5499510+02:00" endTime="2010-04-09T23:10:13.9979767+02:00" testType="13cdc9d9-ddb5-4fa4-a97d-d965ccfc6d4b" outcome="Passed" testListId="8c84fa94-04c1-424b-9868-57a2d4851a1d" relativeResultsDirectory="99c27a12-9c48-4cf1-9e07-6d8ffc169c9b">
    </UnitTestResult>
    <UnitTestResult executionId="2c4ef9e2-d87e-4fcd-803d-7d4af18bf4b8" testId="8f3f3d95-cb92-bb93-c941-e4e3dad72c1c" testName="Creates_tag_if_matching_text_is_found" computerName="WIN7IMACVHD" duration="00:00:00.1240195" startTime="2010-04-09T23:10:13.9989767+02:00" endTime="2010-04-09T23:10:14.1259840+02:00" testType="13cdc9d9-ddb5-4fa4-a97d-d965ccfc6d4b" outcome="Failed" testListId="8c84fa94-04c1-424b-9868-57a2d4851a1d" relativeResultsDirectory="2c4ef9e2-d87e-4fcd-803d-7d4af18bf4b8">
      <Output>
        <ErrorInfo>
          <Message>Test method HyperComments.Tests.RegexTaggerTest.Creates_tag_if_matching_text_is_found threw exception: 
System.ArgumentNullException: Value cannot be null.
Parameter name: input</Message>
          <StackTrace>    at System.Text.RegularExpressions.Regex.Match(String input)
   at HyperComments.RegexTagger`1.&lt;GetTags&gt;d__0.MoveNext() in C:\source\HyperComments\HyperComments\RegexTagger.cs:line 33
   at System.Linq.Enumerable.Count[TSource](IEnumerable`1 source)
   at HyperComments.Tests.RegexTaggerTest.Creates_tag_if_matching_text_is_found() in C:\source\HyperComments\HyperComments.Tests\RegexTaggerTest.cs:line 32
</StackTrace>
        </ErrorInfo>
      </Output>
    </UnitTestResult>
  </Results>
</TestRun>