<?xml version="1.0" encoding="UTF-8"?>
<TestRun id="dc73fc7f-0600-4b28-9058-1d66fddb339b" name="Jonas Follesø@WIN7IMACVHD 2010-04-09 23:37:22" runUser="Win7iMacVHD\Jonas Follesø" xmlns="http://microsoft.com/schemas/VisualStudio/TeamTest/2010">
  <TestSettings name="Local" id="54ecef25-06ea-4ac9-aedf-b4d06acd069c">
    <Description>These are default test settings for a local test run.</Description>
    <Deployment userDeploymentRoot="C:\source\HyperComments\TestResults" useDefaultDeploymentRoot="false" enabled="false" runDeploymentRoot="Jonas Follesø_WIN7IMACVHD 2010-04-09 23_37_22">
      <DeploymentItem filename="C:\source\HyperComments\HyperComments\bin\Debug\HyperComments.dll" />
      <DeploymentItem filename="C:\source\HyperComments\lib\Moq\Moq.dll" />
    </Deployment>
    <Execution>
      <TestTypeSpecific />
      <AgentRule name="Execution Agents">
      </AgentRule>
    </Execution>
  </TestSettings>
  <Times creation="2010-04-09T23:37:22.9411469+02:00" queuing="2010-04-09T23:37:23.0871552+02:00" start="2010-04-09T23:37:23.1171570+02:00" finish="2010-04-09T23:37:24.0252089+02:00" />
  <ResultSummary outcome="Completed">
    <Counters total="1" executed="1" passed="1" error="0" failed="0" timeout="0" aborted="0" inconclusive="0" passedButRunAborted="0" notRunnable="0" notExecuted="0" disconnected="0" warning="0" completed="0" inProgress="0" pending="0" />
  </ResultSummary>
  <TestDefinitions>
    <UnitTest name="Creates_tag_if_matching_text_is_found" storage="c:\source\hypercomments\hypercomments.tests\bin\debug\hypercomments.tests.dll" id="8f3f3d95-cb92-bb93-c941-e4e3dad72c1c">
      <Execution id="a14ceea3-af01-4416-81e2-cad3ec4daac7" />
      <TestMethod codeBase="C:/source/HyperComments/HyperComments.Tests/bin/Debug/HyperComments.Tests.DLL" adapterTypeName="Microsoft.VisualStudio.TestTools.TestTypes.Unit.UnitTestAdapter, Microsoft.VisualStudio.QualityTools.Tips.UnitTest.Adapter, Version=10.0.0.0, Culture=neutral, PublicKeyToken=b03f5f7f11d50a3a" className="HyperComments.Tests.RegexTaggerTest, HyperComments.Tests, Version=1.0.0.0, Culture=neutral, PublicKeyToken=null" name="Creates_tag_if_matching_text_is_found" />
    </UnitTest>
  </TestDefinitions>
  <TestLists>
    <TestList name="Results Not in a List" id="8c84fa94-04c1-424b-9868-57a2d4851a1d" />
    <TestList name="All Loaded Results" id="19431567-8539-422a-85d7-44ee4e166bda" />
  </TestLists>
  <TestEntries>
    <TestEntry testId="8f3f3d95-cb92-bb93-c941-e4e3dad72c1c" executionId="a14ceea3-af01-4416-81e2-cad3ec4daac7" testListId="8c84fa94-04c1-424b-9868-57a2d4851a1d" />
  </TestEntries>
  <Results>
    <UnitTestResult executionId="a14ceea3-af01-4416-81e2-cad3ec4daac7" testId="8f3f3d95-cb92-bb93-c941-e4e3dad72c1c" testName="Creates_tag_if_matching_text_is_found" computerName="WIN7IMACVHD" duration="00:00:00.2619428" startTime="2010-04-09T23:37:23.1241574+02:00" endTime="2010-04-09T23:37:23.6421870+02:00" testType="13cdc9d9-ddb5-4fa4-a97d-d965ccfc6d4b" outcome="Passed" testListId="8c84fa94-04c1-424b-9868-57a2d4851a1d" relativeResultsDirectory="a14ceea3-af01-4416-81e2-cad3ec4daac7">
    </UnitTestResult>
  </Results>
</TestRun>